<?xml version="1.0" encoding="UTF-8"?>
<!-- Generated by org.testng.reporters.JUnitXMLReporter -->
<testsuite hostname="Tali-PC" ignored="0" name="Test" tests="31" failures="6" timestamp="2022-08-03T19:51:37 IDT" time="289.847" errors="0">
  <testcase name="tc01_loginFaliure" time="2.859" classname="tests.LoginFailedTest"/>
  <testcase name="tc01_loginFaliure" time="2.328" classname="tests.LoginFailedTest"/>
  <testcase name="tc02_loginFaliurer" time="1.664" classname="tests.LoginFailedTest"/>
  <testcase name="tc02_loginFaliurer" time="1.629" classname="tests.LoginFailedTest"/>
  <testcase name="tc03_loginFailed" time="1.613" classname="tests.LoginFailedTest"/>
  <testcase name="tc01_checkValidEmailField" time="1.858" classname="tests.EmailValidationTest"/>
  <testcase name="tc01_checkValidEmailField" time="1.593" classname="tests.EmailValidationTest"/>
  <testcase name="tc01_checkValidEmailField" time="1.551" classname="tests.EmailValidationTest"/>
  <testcase name="tc01_checkValidEmailField" time="1.596" classname="tests.EmailValidationTest"/>
  <testcase name="tc01_checkValidEmailField" time="1.577" classname="tests.EmailValidationTest"/>
  <testcase name="tc01_checkValidEmailField" time="1.574" classname="tests.EmailValidationTest"/>
  <testcase name="tc01_checkValidEmailField" time="1.566" classname="tests.EmailValidationTest"/>
  <testcase name="tc01_checkValidEmailField" time="1.569" classname="tests.EmailValidationTest"/>
  <testcase name="tc01_checkValidEmailField" time="1.56" classname="tests.EmailValidationTest"/>
  <testcase name="tc02_checkInvalidEmailField" time="1.603" classname="tests.EmailValidationTest">
    <failure type="java.lang.AssertionError" message="expected [A part followed by &amp;apos;@&amp;apos; should not contain a dot.] but found []">
      <![CDATA[java.lang.AssertionError: expected [A part followed by '@' should not contain a dot.] but found []
at tests.EmailValidationTest.tc02_checkInvalidEmailField(EmailValidationTest.java:37)
at java.util.ArrayList.forEach(ArrayList.java:1257)
... Removed 37 stack frames]]>
    </failure>
  </testcase> <!-- tc02_checkInvalidEmailField -->
  <testcase name="tc02_checkInvalidEmailField" time="1.561" classname="tests.EmailValidationTest">
    <failure type="java.lang.AssertionError" message="expected [A part followed by &amp;apos;@&amp;apos; should not contain a dot.] but found []">
      <![CDATA[java.lang.AssertionError: expected [A part followed by '@' should not contain a dot.] but found []
at tests.EmailValidationTest.tc02_checkInvalidEmailField(EmailValidationTest.java:37)
at java.util.ArrayList.forEach(ArrayList.java:1257)
... Removed 37 stack frames]]>
    </failure>
  </testcase> <!-- tc02_checkInvalidEmailField -->
  <testcase name="tc02_checkInvalidEmailField" time="1.574" classname="tests.EmailValidationTest">
    <failure type="java.lang.AssertionError" message="expected [A part followed by &amp;apos;@&amp;apos; should not contain a dot.] but found []">
      <![CDATA[java.lang.AssertionError: expected [A part followed by '@' should not contain a dot.] but found []
at tests.EmailValidationTest.tc02_checkInvalidEmailField(EmailValidationTest.java:37)
at java.util.ArrayList.forEach(ArrayList.java:1257)
... Removed 37 stack frames]]>
    </failure>
  </testcase> <!-- tc02_checkInvalidEmailField -->
  <testcase name="tc02_checkInvalidEmailField" time="1.547" classname="tests.EmailValidationTest">
    <failure type="java.lang.AssertionError" message="expected [A part followed by &amp;apos;@&amp;apos; should not contain a dot.] but found []">
      <![CDATA[java.lang.AssertionError: expected [A part followed by '@' should not contain a dot.] but found []
at tests.EmailValidationTest.tc02_checkInvalidEmailField(EmailValidationTest.java:37)
at java.util.ArrayList.forEach(ArrayList.java:1257)
... Removed 37 stack frames]]>
    </failure>
  </testcase> <!-- tc02_checkInvalidEmailField -->
  <testcase name="tc03_checkInvalidEmailField" time="1.502" classname="tests.EmailValidationTest"/>
  <testcase name="tc04_checkInvalidEmailField" time="1.511" classname="tests.EmailValidationTest"/>
  <testcase name="tc05_checkInvalidEmailField" time="1.488" classname="tests.EmailValidationTest"/>
  <testcase name="tc06_checkInvalidEmailField" time="1.51" classname="tests.EmailValidationTest"/>
  <testcase name="tc07_checkInvalidEmailField" time="1.503" classname="tests.EmailValidationTest"/>
  <testcase name="tc08_checkInvalidEmailField" time="1.519" classname="tests.EmailValidationTest"/>
  <testcase name="tc09_checkInvalidEmailField" time="1.512" classname="tests.EmailValidationTest">
    <failure type="java.lang.AssertionError" message="expected [Please include a top level domain in the email address. email@example is missing a top level domain.] but found []">
      <![CDATA[java.lang.AssertionError: expected [Please include a top level domain in the email address. email@example is missing a top level domain.] but found []
at tests.EmailValidationTest.tc09_checkInvalidEmailField(EmailValidationTest.java:107)
at java.util.ArrayList.forEach(ArrayList.java:1257)
... Removed 37 stack frames]]>
    </failure>
  </testcase> <!-- tc09_checkInvalidEmailField -->
  <testcase name="tc10_checkInvalidEmailField" time="1.553" classname="tests.EmailValidationTest">
    <failure type="java.lang.AssertionError" message="expected [A part following &amp;apos;@&amp;apos; should not contain .web.] but found []">
      <![CDATA[java.lang.AssertionError: expected [A part following '@' should not contain .web.] but found []
at tests.EmailValidationTest.tc10_checkInvalidEmailField(EmailValidationTest.java:116)
at java.util.ArrayList.forEach(ArrayList.java:1257)
... Removed 37 stack frames]]>
    </failure>
  </testcase> <!-- tc10_checkInvalidEmailField -->
  <testcase name="tc11_checkInvalidEmailField" time="1.494" classname="tests.EmailValidationTest"/>
  <testcase name="tc01_searchTest" time="7.844" classname="tests.SearchingATemplateTest"/>
  <testcase name="tc01_SizesFieldsTest" time="42.728" classname="tests.ClosetSizesFieldsTest"/>
  <testcase name="tc02_SizesFieldsTest" time="8.506" classname="tests.ClosetSizesFieldsTest"/>
  <testcase name="tc01_OrderingAClosetTest" time="70.054" classname="tests.OrderingAClosetTest"/>
</testsuite> <!-- Test -->
