<?xml version="1.0" encoding="UTF-8"?>
<testng-results ignored="0" total="2" passed="2" failed="0" skipped="0">
  <reporter-output>
  </reporter-output>
  <suite started-at="2022-08-03T19:54:37 IDT" name="Default suite" finished-at="2022-08-03T19:55:56 IDT" duration-ms="78959">
    <groups>
    </groups>
    <test started-at="2022-08-03T19:54:37 IDT" name="Default test" finished-at="2022-08-03T19:55:56 IDT" duration-ms="78959">
      <class name="tests.ClosetSizesFieldsTest">
        <test-method is-config="true" signature="setup()[pri:0, instance:tests.ClosetSizesFieldsTest@3cee53dc]" started-at="2022-08-03T19:54:37 IDT" name="setup" finished-at="2022-08-03T19:54:57 IDT" duration-ms="19924" status="PASS">
          <reporter-output>
          </reporter-output>
        </test-method> <!-- setup -->
        <test-method is-config="true" signature="setupLogin()[pri:0, instance:tests.ClosetSizesFieldsTest@3cee53dc]" started-at="2022-08-03T19:54:57 IDT" name="setupLogin" finished-at="2022-08-03T19:55:03 IDT" duration-ms="5800" status="PASS">
          <reporter-output>
          </reporter-output>
        </test-method> <!-- setupLogin -->
        <test-method signature="tc01_SizesFieldsTest()[pri:0, instance:tests.ClosetSizesFieldsTest@3cee53dc]" started-at="2022-08-03T19:55:03 IDT" name="tc01_SizesFieldsTest" description="Check letters in the sizes fields" finished-at="2022-08-03T19:55:46 IDT" duration-ms="42809" status="PASS">
          <reporter-output>
          </reporter-output>
        </test-method> <!-- tc01_SizesFieldsTest -->
        <test-method signature="tc02_SizesFieldsTest()[pri:0, instance:tests.ClosetSizesFieldsTest@3cee53dc]" started-at="2022-08-03T19:55:46 IDT" name="tc02_SizesFieldsTest" description="Check characters in the sizes fields" finished-at="2022-08-03T19:55:54 IDT" duration-ms="8557" status="PASS">
          <reporter-output>
          </reporter-output>
        </test-method> <!-- tc02_SizesFieldsTest -->
        <test-method is-config="true" signature="tearDown()[pri:0, instance:tests.ClosetSizesFieldsTest@3cee53dc]" started-at="2022-08-03T19:55:54 IDT" name="tearDown" finished-at="2022-08-03T19:55:56 IDT" duration-ms="1574" status="PASS">
          <reporter-output>
          </reporter-output>
        </test-method> <!-- tearDown -->
      </class> <!-- tests.ClosetSizesFieldsTest -->
    </test> <!-- Default test -->
  </suite> <!-- Default suite -->
</testng-results>
